2014-08-06 13:00:16 Notice: Notice (1024): Please change the value of 'Security.salt' in app/config/core.php to a salt value specific to your application in [/var/www/observatorio/cake/libs/debugger.php, line 697]
2014-08-06 13:00:16 Notice: Notice (1024): Please change the value of 'Security.cipherSeed' in app/config/core.php to a numeric (digits only) seed value specific to your application in [/var/www/observatorio/cake/libs/debugger.php, line 701]
2014-08-06 13:01:30 Notice: Notice (1024): Please change the value of 'Security.salt' in app/config/core.php to a salt value specific to your application in [/var/www/observatorio/cake/libs/debugger.php, line 697]
2014-08-06 13:01:30 Notice: Notice (1024): Please change the value of 'Security.cipherSeed' in app/config/core.php to a numeric (digits only) seed value specific to your application in [/var/www/observatorio/cake/libs/debugger.php, line 701]
2014-08-06 13:03:38 Notice: Notice (1024): Please change the value of 'Security.salt' in app/config/core.php to a salt value specific to your application in [/var/www/observatorio/cake/libs/debugger.php, line 697]
2014-08-06 13:03:38 Notice: Notice (1024): Please change the value of 'Security.cipherSeed' in app/config/core.php to a numeric (digits only) seed value specific to your application in [/var/www/observatorio/cake/libs/debugger.php, line 701]
2014-08-24 19:04:55 Notice: Notice (8): Undefined property: UsersController::$request in [/var/www/observatorio/app/controllers/users_controller.php, line 25]
2014-08-24 19:05:26 Notice: Notice (8): Undefined property: UsersController::$Session in [/var/www/observatorio/app/controllers/users_controller.php, line 40]
2014-08-24 19:15:34 Notice: Notice (8): Undefined index: password in [/var/www/observatorio/app/controllers/users_controller.php, line 27]
2014-08-24 19:15:34 Notice: Notice (8): Undefined index: password in [/var/www/observatorio/app/controllers/users_controller.php, line 40]
2014-08-24 19:16:19 Notice: Notice (8): Undefined index: id in [/var/www/observatorio/cake/libs/model/model.php, line 1329]
2014-08-24 19:29:11 Notice: Notice (8): Undefined index: id in [/var/www/observatorio/cake/libs/model/model.php, line 1329]
2014-08-24 20:09:51 Notice: Notice (8): Undefined index: id in [/var/www/observatorio/cake/libs/model/model.php, line 1329]
2014-08-24 20:24:41 Notice: Notice (8): Undefined index: id in [/var/www/observatorio/cake/libs/model/model.php, line 1329]
2014-08-24 22:49:58 Notice: Notice (8): Undefined index: id in [/var/www/observatorio/cake/libs/model/model.php, line 1329]
2014-08-24 22:51:41 Notice: Notice (8): Undefined index: id in [/var/www/observatorio/cake/libs/model/model.php, line 1329]
2014-08-26 22:35:52 Notice: Notice (8): Undefined index: id in [/var/www/observatorio/cake/libs/model/model.php, line 1329]
2014-08-26 23:47:05 Notice: Notice (8): Undefined property: View::$Auth in [/var/www/observatorio/app/views/elements/navbar.ctp, line 2]
2014-08-27 00:07:53 Notice: Notice (8): Undefined index: nombre in [/var/www/observatorio/app/views/elements/navbar.ctp, line 5]
2014-08-27 01:36:44 Notice: Notice (8): Undefined variable: current_user in [/var/www/observatorio/app/views/elements/navbar.ctp, line 2]
2014-08-27 01:37:02 Notice: Notice (8): Undefined variable: current_user in [/var/www/observatorio/app/views/elements/navbar.ctp, line 2]
2014-08-27 01:38:20 Notice: Notice (8): Undefined variable: currentUser in [/var/www/observatorio/app/views/elements/navbar.ctp, line 2]
2014-08-27 01:38:21 Notice: Notice (8): Undefined variable: currentUser in [/var/www/observatorio/app/views/elements/navbar.ctp, line 2]
2014-08-27 01:38:21 Notice: Notice (8): Undefined variable: currentUser in [/var/www/observatorio/app/views/elements/navbar.ctp, line 2]
2014-08-27 01:38:21 Notice: Notice (8): Undefined variable: currentUser in [/var/www/observatorio/app/views/elements/navbar.ctp, line 2]
2014-08-27 01:38:22 Notice: Notice (8): Undefined variable: currentUser in [/var/www/observatorio/app/views/elements/navbar.ctp, line 2]
2014-08-27 01:38:22 Notice: Notice (8): Undefined variable: currentUser in [/var/www/observatorio/app/views/elements/navbar.ctp, line 2]
2014-08-27 01:38:22 Notice: Notice (8): Undefined variable: currentUser in [/var/www/observatorio/app/views/elements/navbar.ctp, line 2]
2014-08-27 01:38:22 Notice: Notice (8): Undefined variable: currentUser in [/var/www/observatorio/app/views/elements/navbar.ctp, line 2]
2014-08-27 01:38:22 Notice: Notice (8): Undefined variable: currentUser in [/var/www/observatorio/app/views/elements/navbar.ctp, line 2]
2014-08-27 01:39:25 Notice: Notice (8): Undefined variable: current_user in [/var/www/observatorio/app/views/elements/navbar.ctp, line 2]
2014-08-27 01:39:57 Notice: Notice (8): Undefined variable: current_user in [/var/www/observatorio/app/views/elements/navbar.ctp, line 2]
2014-08-27 01:39:58 Notice: Notice (8): Undefined variable: current_user in [/var/www/observatorio/app/views/elements/navbar.ctp, line 2]
2014-08-27 01:40:10 Notice: Notice (8): Undefined variable: current_user in [/var/www/observatorio/app/views/elements/navbar.ctp, line 2]
2014-08-27 01:40:11 Notice: Notice (8): Undefined variable: current_user in [/var/www/observatorio/app/views/elements/navbar.ctp, line 2]
2014-08-29 18:57:42 Notice: Notice (8): Undefined property: AuthComponent::$Acl in [/var/www/observatorio/cake/libs/controller/components/auth.php, line 528]
2014-08-31 21:33:47 Notice: Notice (8): Undefined property: AuthComponent::$Acl in [/var/www/observatorio/cake/libs/controller/components/auth.php, line 528]
2014-09-01 01:41:24 Notice: Notice (8): Undefined property: PagesController::$Session in [/var/www/observatorio/app/plugins/facebook/controllers/components/connect.php, line 63]
2014-09-01 01:48:11 Notice: Notice (8): Undefined variable: form in [/var/www/observatorio/app/views/users/login.ctp, line 14]
2014-09-01 01:48:41 Notice: Notice (8): Undefined variable: form in [/var/www/observatorio/app/views/users/login.ctp, line 14]
2014-09-01 01:48:42 Notice: Notice (8): Undefined variable: form in [/var/www/observatorio/app/views/users/login.ctp, line 14]
2014-09-01 01:49:39 Notice: Notice (8): Undefined property: View::$Form in [/var/www/observatorio/app/views/users/login.ctp, line 14]
2014-09-01 01:51:26 Notice: Notice (8): Undefined property: View::$Form in [/var/www/observatorio/app/views/users/login.ctp, line 14]
2014-09-01 01:51:29 Notice: Notice (8): Undefined property: View::$Form in [/var/www/observatorio/app/views/users/login.ctp, line 14]
2014-09-01 01:51:29 Notice: Notice (8): Undefined property: View::$Form in [/var/www/observatorio/app/views/users/login.ctp, line 14]
2014-09-01 01:52:11 Notice: Notice (8): Undefined property: View::$Form in [/var/www/observatorio/app/views/users/login.ctp, line 14]
2014-09-01 01:52:11 Notice: Notice (8): Undefined property: View::$Form in [/var/www/observatorio/app/views/users/login.ctp, line 14]
2014-09-01 01:52:11 Notice: Notice (8): Undefined property: View::$Form in [/var/www/observatorio/app/views/users/login.ctp, line 14]
2014-09-01 01:52:11 Notice: Notice (8): Undefined property: View::$Form in [/var/www/observatorio/app/views/users/login.ctp, line 14]
2014-09-01 01:52:12 Notice: Notice (8): Undefined property: View::$Form in [/var/www/observatorio/app/views/users/login.ctp, line 14]
2014-09-01 01:52:12 Notice: Notice (8): Undefined property: View::$Form in [/var/www/observatorio/app/views/users/login.ctp, line 14]
2014-09-01 01:52:12 Notice: Notice (8): Undefined property: View::$Form in [/var/www/observatorio/app/views/users/login.ctp, line 14]
2014-09-01 01:52:48 Notice: Notice (8): Undefined variable: form in [/var/www/observatorio/app/views/users/add.ctp, line 1]
2014-09-01 01:52:58 Notice: Notice (8): Undefined property: View::$Form in [/var/www/observatorio/app/views/users/login.ctp, line 14]
2014-09-01 02:04:02 Notice: Notice (8): Undefined variable: form in [/var/www/observatorio/app/views/users/login.ctp, line 14]
2014-09-01 02:10:53 Notice: Notice (8): Undefined variable: form in [/var/www/observatorio/app/views/users/login.ctp, line 14]
2014-09-01 02:10:54 Notice: Notice (8): Undefined variable: form in [/var/www/observatorio/app/views/users/login.ctp, line 14]
2014-09-01 02:10:54 Notice: Notice (8): Undefined variable: form in [/var/www/observatorio/app/views/users/login.ctp, line 14]
2014-09-01 02:10:54 Notice: Notice (8): Undefined variable: form in [/var/www/observatorio/app/views/users/login.ctp, line 14]
2014-09-01 02:10:55 Notice: Notice (8): Undefined variable: form in [/var/www/observatorio/app/views/users/login.ctp, line 14]
2014-09-01 02:10:56 Notice: Notice (8): Undefined variable: form in [/var/www/observatorio/app/views/users/login.ctp, line 14]
2014-09-01 02:10:59 Notice: Notice (8): Undefined variable: form in [/var/www/observatorio/app/views/users/login.ctp, line 14]
2014-09-01 02:12:10 Notice: Notice (8): Undefined variable: form in [/var/www/observatorio/app/views/users/login.ctp, line 14]
2014-09-01 02:12:10 Notice: Notice (8): Undefined variable: form in [/var/www/observatorio/app/views/users/login.ctp, line 14]
2014-09-01 02:12:11 Notice: Notice (8): Undefined variable: form in [/var/www/observatorio/app/views/users/login.ctp, line 14]
2014-09-01 02:12:11 Notice: Notice (8): Undefined variable: form in [/var/www/observatorio/app/views/users/login.ctp, line 14]
2014-09-01 02:12:11 Notice: Notice (8): Undefined variable: form in [/var/www/observatorio/app/views/users/login.ctp, line 14]
2014-09-01 02:12:11 Notice: Notice (8): Undefined variable: form in [/var/www/observatorio/app/views/users/login.ctp, line 14]
2014-09-01 02:25:45 Notice: Notice (8): Undefined index: password in [/var/www/observatorio/app/plugins/facebook/controllers/components/connect.php, line 159]
2014-09-01 02:25:56 Notice: Notice (8): Undefined index: password in [/var/www/observatorio/app/plugins/facebook/controllers/components/connect.php, line 159]
2014-09-01 02:37:34 Notice: Notice (8): Undefined variable: facebook_id in [/var/www/observatorio/app/views/pages/home.ctp, line 2]
2014-09-01 02:43:33 Notice: Notice (8): Undefined index: password in [/var/www/observatorio/app/plugins/facebook/controllers/components/connect.php, line 159]
2014-09-01 02:44:03 Notice: Notice (8): Undefined index: password in [/var/www/observatorio/app/plugins/facebook/controllers/components/connect.php, line 159]
2014-09-01 02:56:32 Notice: Notice (8): Undefined index: password in [/var/www/observatorio/app/plugins/facebook/controllers/components/connect.php, line 159]
2014-09-01 21:51:48 Notice: Notice (8): Undefined variable: user in [/var/www/observatorio/app/views/pages/home.ctp, line 4]
2014-09-01 21:51:56 Notice: Notice (8): Undefined index: password in [/var/www/observatorio/app/plugins/facebook/controllers/components/connect.php, line 159]
2014-09-01 21:52:00 Notice: Notice (8): Undefined variable: user in [/var/www/observatorio/app/views/pages/home.ctp, line 4]
2014-09-01 21:59:42 Notice: Notice (8): Undefined index: password in [/var/www/observatorio/app/plugins/facebook/controllers/components/connect.php, line 159]
2014-09-01 21:59:42 Notice: Notice (8): Undefined variable: facebookUser in [/var/www/observatorio/app/views/elements/navbar.ctp, line 44]
2014-09-01 21:59:48 Notice: Notice (8): Undefined index: password in [/var/www/observatorio/app/plugins/facebook/controllers/components/connect.php, line 159]
2014-09-01 21:59:48 Notice: Notice (8): Undefined variable: facebookUser in [/var/www/observatorio/app/views/elements/navbar.ctp, line 44]
2014-09-01 22:00:07 Notice: Notice (8): Undefined index: password in [/var/www/observatorio/app/plugins/facebook/controllers/components/connect.php, line 159]
2014-09-01 22:00:07 Notice: Notice (8): Undefined variable: facebookUser in [/var/www/observatorio/app/views/elements/navbar.ctp, line 44]
2014-09-01 22:00:07 Notice: Notice (8): Undefined index: password in [/var/www/observatorio/app/plugins/facebook/controllers/components/connect.php, line 159]
2014-09-01 22:00:07 Notice: Notice (8): Undefined variable: facebookUser in [/var/www/observatorio/app/views/elements/navbar.ctp, line 44]
2014-09-01 22:00:23 Notice: Notice (8): Undefined index: password in [/var/www/observatorio/app/plugins/facebook/controllers/components/connect.php, line 159]
2014-09-01 22:01:15 Notice: Notice (8): Undefined index: password in [/var/www/observatorio/app/plugins/facebook/controllers/components/connect.php, line 159]
2014-09-01 22:01:20 Notice: Notice (8): Undefined index: password in [/var/www/observatorio/app/plugins/facebook/controllers/components/connect.php, line 159]
2014-09-01 22:01:34 Notice: Notice (8): Undefined index: password in [/var/www/observatorio/app/plugins/facebook/controllers/components/connect.php, line 159]
2014-09-01 22:07:43 Notice: Notice (8): Undefined index: password in [/var/www/observatorio/app/plugins/facebook/controllers/components/connect.php, line 159]
2014-09-01 22:07:43 Notice: Notice (8): Object of class UsersController to string conversion in [/var/www/observatorio/app/controllers/users_controller.php, line 24]
2014-09-01 22:07:43 Notice: Notice (8): Undefined variable: Object in [/var/www/observatorio/app/controllers/users_controller.php, line 24]
2014-09-01 22:07:43 Notice: Notice (8): Trying to get property of non-object in [/var/www/observatorio/app/controllers/users_controller.php, line 24]
2014-09-01 22:07:53 Notice: Notice (8): Undefined index: password in [/var/www/observatorio/app/plugins/facebook/controllers/components/connect.php, line 159]
2014-09-01 22:10:04 Notice: Notice (8): Undefined index: password in [/var/www/observatorio/app/plugins/facebook/controllers/components/connect.php, line 159]
2014-09-01 22:10:05 Notice: Notice (8): Undefined index: password in [/var/www/observatorio/app/plugins/facebook/controllers/components/connect.php, line 159]
2014-09-01 22:11:29 Notice: Notice (8): Undefined index: password in [/var/www/observatorio/app/plugins/facebook/controllers/components/connect.php, line 159]
2014-09-01 22:11:29 Notice: Notice (8): Undefined variable: facebookUser in [/var/www/observatorio/app/controllers/users_controller.php, line 23]
2014-09-01 22:12:06 Notice: Notice (8): Undefined index: password in [/var/www/observatorio/app/plugins/facebook/controllers/components/connect.php, line 159]
2014-09-01 22:13:36 Notice: Notice (8): Undefined index: password in [/var/www/observatorio/app/plugins/facebook/controllers/components/connect.php, line 159]
2014-09-01 22:13:50 Notice: Notice (8): Undefined index: password in [/var/www/observatorio/app/plugins/facebook/controllers/components/connect.php, line 159]
2014-09-01 22:18:32 Notice: Notice (8): Undefined index: password in [/var/www/observatorio/app/plugins/facebook/controllers/components/connect.php, line 159]
2014-09-01 22:18:42 Notice: Notice (8): Undefined index: password in [/var/www/observatorio/app/plugins/facebook/controllers/components/connect.php, line 159]
2014-09-01 22:24:52 Notice: Notice (8): Undefined index: password in [/var/www/observatorio/app/plugins/facebook/controllers/components/connect.php, line 159]
2014-09-01 22:25:28 Notice: Notice (8): Undefined index: password in [/var/www/observatorio/app/plugins/facebook/controllers/components/connect.php, line 159]
2014-09-01 22:25:30 Notice: Notice (8): Undefined index: password in [/var/www/observatorio/app/plugins/facebook/controllers/components/connect.php, line 159]
2014-09-01 22:25:31 Notice: Notice (8): Undefined index: password in [/var/www/observatorio/app/plugins/facebook/controllers/components/connect.php, line 159]
2014-09-01 22:25:32 Notice: Notice (8): Undefined index: password in [/var/www/observatorio/app/plugins/facebook/controllers/components/connect.php, line 159]
2014-09-01 22:25:38 Notice: Notice (8): Undefined index: password in [/var/www/observatorio/app/plugins/facebook/controllers/components/connect.php, line 159]
2014-09-01 22:28:26 Notice: Notice (8): Undefined index: password in [/var/www/observatorio/app/plugins/facebook/controllers/components/connect.php, line 159]
2014-09-01 22:45:51 Notice: Notice (8): Undefined variable: user in [/var/www/observatorio/app/views/pages/home.ctp, line 3]
2014-09-01 22:45:51 Notice: Notice (8): Undefined variable: user in [/var/www/observatorio/app/views/pages/home.ctp, line 4]
2014-09-01 22:45:51 Notice: Notice (8): Undefined variable: user in [/var/www/observatorio/app/views/elements/navbar.ctp, line 48]
2014-09-01 22:45:51 Notice: Notice (8): Undefined variable: user in [/var/www/observatorio/app/views/elements/navbar.ctp, line 49]
2014-09-01 22:45:51 Notice: Notice (8): Undefined variable: user in [/var/www/observatorio/app/views/pages/home.ctp, line 3]
2014-09-01 22:45:51 Notice: Notice (8): Undefined variable: user in [/var/www/observatorio/app/views/pages/home.ctp, line 4]
2014-09-01 22:45:51 Notice: Notice (8): Undefined variable: user in [/var/www/observatorio/app/views/elements/navbar.ctp, line 48]
2014-09-01 22:45:51 Notice: Notice (8): Undefined variable: user in [/var/www/observatorio/app/views/elements/navbar.ctp, line 49]
2014-09-01 22:46:23 Notice: Notice (8): Undefined variable: user in [/var/www/observatorio/app/views/elements/navbar.ctp, line 48]
2014-09-01 22:46:23 Notice: Notice (8): Undefined variable: user in [/var/www/observatorio/app/views/elements/navbar.ctp, line 49]
2014-09-01 22:47:49 Notice: Notice (8): Undefined index: password in [/var/www/observatorio/app/plugins/facebook/controllers/components/connect.php, line 159]
2014-09-01 22:49:53 Notice: Notice (8): Undefined index: password in [/var/www/observatorio/app/plugins/facebook/controllers/components/connect.php, line 159]
2014-09-01 23:05:19 Notice: Notice (8): Undefined index: password in [/var/www/observatorio/app/plugins/facebook/controllers/components/connect.php, line 159]
2014-09-01 23:06:06 Notice: Notice (8): Undefined index: password in [/var/www/observatorio/app/plugins/facebook/controllers/components/connect.php, line 159]
2014-09-01 23:06:07 Notice: Notice (8): Undefined index: password in [/var/www/observatorio/app/plugins/facebook/controllers/components/connect.php, line 159]
2014-09-01 23:06:11 Notice: Notice (8): Undefined index: password in [/var/www/observatorio/app/plugins/facebook/controllers/components/connect.php, line 159]
2014-09-01 23:06:52 Notice: Notice (8): Undefined index: password in [/var/www/observatorio/app/plugins/facebook/controllers/components/connect.php, line 159]
2014-09-01 23:07:01 Notice: Notice (8): Undefined index: password in [/var/www/observatorio/app/plugins/facebook/controllers/components/connect.php, line 159]
2014-09-01 23:07:03 Notice: Notice (8): Undefined index: password in [/var/www/observatorio/app/plugins/facebook/controllers/components/connect.php, line 159]
2014-09-29 13:13:35 Notice: Notice (8): Undefined index: password in [/var/www/observatorio/cake/libs/controller/components/auth.php, line 928]
2014-09-29 13:13:35 Notice: Notice (8): Undefined index: contrasena in [/var/www/observatorio/app/controllers/users_controller.php, line 42]
2014-09-29 13:13:52 Notice: Notice (8): Undefined index: password in [/var/www/observatorio/cake/libs/controller/components/auth.php, line 928]
2014-09-29 13:13:52 Notice: Notice (8): Undefined index: contrasena in [/var/www/observatorio/app/controllers/users_controller.php, line 42]
2014-10-05 17:17:25 Notice: Notice (8): Undefined index: password in [/var/www/observatorio/cake/libs/controller/components/auth.php, line 928]
2014-10-05 17:17:25 Notice: Notice (8): Undefined index: password in [/var/www/observatorio/cake/libs/controller/components/auth.php, line 362]
2014-10-05 17:17:25 Notice: Notice (8): Undefined index: password in [/var/www/observatorio/cake/libs/controller/components/auth.php, line 382]
2014-10-05 17:17:39 Notice: Notice (8): Undefined index: password in [/var/www/observatorio/cake/libs/controller/components/auth.php, line 928]
2014-10-05 17:17:39 Notice: Notice (8): Undefined index: password in [/var/www/observatorio/cake/libs/controller/components/auth.php, line 362]
2014-10-05 17:17:39 Notice: Notice (8): Undefined index: password in [/var/www/observatorio/cake/libs/controller/components/auth.php, line 382]
2014-10-05 17:19:09 Notice: Notice (8): Undefined index: password in [/var/www/observatorio/cake/libs/controller/components/auth.php, line 928]
2014-10-05 17:19:09 Notice: Notice (8): Undefined index: contrasena in [/var/www/observatorio/app/controllers/users_controller.php, line 42]
2014-10-05 17:20:18 Notice: Notice (8): Undefined index: password in [/var/www/observatorio/cake/libs/controller/components/auth.php, line 928]
2014-10-05 17:20:22 Notice: Notice (8): Undefined index: password in [/var/www/observatorio/cake/libs/controller/components/auth.php, line 928]
2014-10-05 17:20:51 Notice: Notice (8): Undefined index: password in [/var/www/observatorio/cake/libs/controller/components/auth.php, line 928]
2014-10-05 17:28:02 Notice: Notice (8): Undefined index: password in [/var/www/observatorio/cake/libs/controller/components/auth.php, line 928]
2014-10-05 17:29:15 Notice: Notice (8): Undefined index: password in [/var/www/observatorio/cake/libs/controller/components/auth.php, line 928]
2014-10-05 19:03:16 Notice: Notice (8): Undefined variable: facebookUser in [/var/www/observatorio/app/views/pages/home.ctp, line 1]
2014-10-05 19:03:16 Notice: Notice (8): Undefined property: View::$Facebook in [/var/www/observatorio/app/views/layouts/default.ctp, line 2]
2014-10-05 19:03:48 Notice: Notice (8): Undefined variable: facebookUser in [/var/www/observatorio/app/views/pages/home.ctp, line 1]
2014-10-05 19:03:48 Notice: Notice (8): Undefined property: View::$Session in [/var/www/observatorio/app/views/elements/navbar.ctp, line 20]
2014-10-05 19:04:31 Notice: Notice (8): Undefined variable: facebookUser in [/var/www/observatorio/app/views/pages/home.ctp, line 1]
2014-10-05 19:04:31 Notice: Notice (8): Undefined property: View::$Session in [/var/www/observatorio/app/views/elements/navbar.ctp, line 20]
2014-10-05 19:04:32 Notice: Notice (8): Undefined variable: facebookUser in [/var/www/observatorio/app/views/pages/home.ctp, line 1]
2014-10-05 19:04:32 Notice: Notice (8): Undefined property: View::$Session in [/var/www/observatorio/app/views/elements/navbar.ctp, line 20]
2014-10-05 19:05:29 Notice: Notice (8): Undefined variable: facebookUser in [/var/www/observatorio/app/views/pages/home.ctp, line 1]
2014-10-05 19:05:29 Notice: Notice (8): Undefined property: View::$Session in [/var/www/observatorio/app/views/elements/navbar.ctp, line 20]
2014-10-05 19:05:30 Notice: Notice (8): Undefined variable: facebookUser in [/var/www/observatorio/app/views/pages/home.ctp, line 1]
2014-10-05 19:05:30 Notice: Notice (8): Undefined property: View::$Session in [/var/www/observatorio/app/views/elements/navbar.ctp, line 20]
2014-10-05 19:05:40 Notice: Notice (8): Undefined variable: facebookUser in [/var/www/observatorio/app/views/pages/home.ctp, line 1]
2014-10-05 19:05:40 Notice: Notice (8): Undefined property: View::$Session in [/var/www/observatorio/app/views/elements/navbar.ctp, line 20]
2014-10-05 19:05:40 Notice: Notice (8): Undefined variable: facebookUser in [/var/www/observatorio/app/views/pages/home.ctp, line 1]
2014-10-05 19:05:40 Notice: Notice (8): Undefined property: View::$Session in [/var/www/observatorio/app/views/elements/navbar.ctp, line 20]
2014-10-05 19:10:06 Notice: Notice (8): Undefined property: PagesController::$Connect in [/var/www/observatorio/app/app_controller.php, line 14]
2014-10-05 19:10:18 Notice: Notice (8): Undefined variable: facebookUser in [/var/www/observatorio/app/views/pages/home.ctp, line 1]
2014-10-05 19:11:09 Notice: Notice (8): Undefined property: View::$Session in [/var/www/observatorio/app/views/elements/navbar.ctp, line 20]
2014-10-05 20:02:25 Notice: Notice (8): Undefined variable: Html in [/var/www/observatorio/app/views/pages/home.ctp, line 8]
2014-10-05 20:04:00 Notice: Notice (8): Undefined variable: Html in [/var/www/observatorio/app/views/pages/home.ctp, line 8]
2014-10-05 20:15:18 Notice: Notice (8): Undefined variable: Html in [/var/www/observatorio/app/views/pages/home.ctp, line 8]
2014-10-05 20:15:19 Notice: Notice (8): Undefined variable: Html in [/var/www/observatorio/app/views/pages/home.ctp, line 8]
2014-10-05 20:16:06 Notice: Notice (8): Undefined property: View::$Session in [/var/www/observatorio/app/views/pages/home.ctp, line 1]
2014-10-05 20:16:07 Notice: Notice (8): Undefined property: View::$Session in [/var/www/observatorio/app/views/pages/home.ctp, line 1]
2014-10-05 20:17:56 Notice: Notice (8): Undefined variable: Html in [/var/www/observatorio/app/views/pages/home.ctp, line 8]
2014-10-05 23:23:10 Notice: Notice (8): Undefined variable: avatar in [/var/www/observatorio/app/views/elements/sidebar.ctp, line 6]
2014-10-05 23:23:10 Notice: Notice (8): Undefined variable: user in [/var/www/observatorio/app/views/elements/sidebar.ctp, line 9]
2014-10-05 23:23:10 Notice: Notice (8): Undefined variable: user in [/var/www/observatorio/app/views/elements/sidebar.ctp, line 10]
2014-10-05 23:23:10 Notice: Notice (8): Undefined variable: user in [/var/www/observatorio/app/views/elements/sidebar.ctp, line 11]
2014-10-08 00:14:08 Notice: Notice (8): Undefined variable: user in [/var/www/observatorio/app/views/pages/home.ctp, line 8]
2014-10-08 00:14:36 Notice: Notice (8): Undefined index: username in [/var/www/observatorio/app/views/pages/home.ctp, line 9]
2014-10-08 01:06:40 Notice: Notice (8): Undefined variable: user in [/var/www/observatorio/app/views/users/show.ctp, line 2]
2014-10-08 01:06:41 Notice: Notice (8): Undefined variable: user in [/var/www/observatorio/app/views/users/show.ctp, line 2]
2014-10-08 01:20:26 Notice: Notice (8): Undefined index: nombre in [/var/www/observatorio/app/views/users/show.ctp, line 2]
2014-10-08 01:20:26 Notice: Notice (8): Undefined index: mail in [/var/www/observatorio/app/views/users/show.ctp, line 2]
2014-10-08 01:21:07 Notice: Notice (8): Undefined index: nombre in [/var/www/observatorio/app/views/users/show.ctp, line 3]
2014-10-08 01:21:07 Notice: Notice (8): Undefined index: mail in [/var/www/observatorio/app/views/users/show.ctp, line 3]
2014-10-08 01:24:13 Notice: Notice (8): Undefined variable: user in [/var/www/observatorio/app/views/users/show.ctp, line 2]
2014-10-08 01:24:14 Notice: Notice (8): Undefined variable: user in [/var/www/observatorio/app/views/users/show.ctp, line 2]
2014-10-08 01:29:10 Notice: Notice (8): Undefined property: View::$Auth in [/var/www/observatorio/app/views/pages/home.ctp, line 1]
